<?xml version="1.0" encoding="UTF-8"?>
<!-- Generated by org.testng.reporters.JUnitXMLReporter -->
<testsuite ignored="0" hostname="LAPTOP-QRE30J0F" failures="0" tests="9" name="Default test" time="48.069" errors="0" timestamp="2025-05-13T10:00:59 PST">
  <testcase classname="louisivanvirgo.CartPageTest" name="testAccessCartPage" time="0.246"/>
  <testcase classname="louisivanvirgo.CartPageTest" name="testAddedProducIsDisplayedInCart" time="0.645"/>
  <testcase classname="louisivanvirgo.CartPageTest" name="testCSButtonButtonRedirectsToInventory" time="0.43"/>
  <testcase classname="louisivanvirgo.CartPageTest" name="testCartDetailsIsDisplayed" time="0.776"/>
  <testcase classname="louisivanvirgo.CartPageTest" name="testIfCartPersistAfterRelogin" time="1.768"/>
  <testcase classname="louisivanvirgo.CartPageTest" name="testMultipleAddedProductDisplayedInCart" time="0.767"/>
  <testcase classname="louisivanvirgo.CartPageTest" name="testProductDetailsInCart" time="0.705"/>
  <testcase classname="louisivanvirgo.CartPageTest" name="testRemoveItemFromCart" time="0.794"/>
  <testcase classname="louisivanvirgo.CartPageTest" name="testRemovveAllItemsFromCart" time="11.378"/>
</testsuite> <!-- Default test -->
