<?xml version="1.0" encoding="UTF-8"?>
<!-- Generated by org.testng.reporters.JUnitXMLReporter -->
<testsuite ignored="0" hostname="LAPTOP-QRE30J0F" failures="0" tests="4" name="Default test" time="17.183" errors="0" timestamp="2025-05-12T18:59:50 PST">
  <testcase classname="louisivanvirgo.OrderCompTest" name="testBackToProductPage" time="0.331"/>
  <testcase classname="louisivanvirgo.OrderCompTest" name="testFinishButton" time="0.156"/>
  <testcase classname="louisivanvirgo.OrderCompTest" name="verifyIfAllDetailsAreDisplayed" time="0.245"/>
  <testcase classname="louisivanvirgo.OrderCompTest" name="verifyIfUserIsOnOrderCompletionPage" time="0.167"/>
</testsuite> <!-- Default test -->
