<?xml version="1.0" encoding="UTF-8"?>
<testng-results ignored="0" total="9" passed="9" failed="0" skipped="0">
  <reporter-output>
  </reporter-output>
  <suite started-at="2025-05-13T10:00:11 PST" name="Default suite" finished-at="2025-05-13T10:00:59 PST" duration-ms="48069">
    <groups>
    </groups>
    <test started-at="2025-05-13T10:00:11 PST" name="Default test" finished-at="2025-05-13T10:00:59 PST" duration-ms="48069">
      <class name="louisivanvirgo.CartPageTest">
        <test-method is-config="true" signature="setUp()[pri:0, instance:louisivanvirgo.CartPageTest@231f98ef]" started-at="2025-05-13T10:00:11 PST" name="setUp" finished-at="2025-05-13T10:00:15 PST" duration-ms="3936" status="PASS">
          <reporter-output>
          </reporter-output>
        </test-method> <!-- setUp -->
        <test-method is-config="true" signature="setUpPages()[pri:0, instance:louisivanvirgo.CartPageTest@231f98ef]" started-at="2025-05-13T10:00:15 PST" name="setUpPages" finished-at="2025-05-13T10:00:15 PST" duration-ms="5" status="PASS">
          <reporter-output>
          </reporter-output>
        </test-method> <!-- setUpPages -->
        <test-method signature="testAccessCartPage()[pri:0, instance:louisivanvirgo.CartPageTest@231f98ef]" started-at="2025-05-13T10:00:15 PST" name="testAccessCartPage" finished-at="2025-05-13T10:00:15 PST" duration-ms="246" status="PASS">
          <reporter-output>
          </reporter-output>
        </test-method> <!-- testAccessCartPage -->
        <test-method is-config="true" signature="tearDown()[pri:0, instance:louisivanvirgo.CartPageTest@231f98ef]" started-at="2025-05-13T10:00:15 PST" name="tearDown" finished-at="2025-05-13T10:00:15 PST" duration-ms="120" status="PASS">
          <reporter-output>
          </reporter-output>
        </test-method> <!-- tearDown -->
        <test-method is-config="true" signature="setUp()[pri:0, instance:louisivanvirgo.CartPageTest@231f98ef]" started-at="2025-05-13T10:00:15 PST" name="setUp" finished-at="2025-05-13T10:00:19 PST" duration-ms="3807" status="PASS">
          <reporter-output>
          </reporter-output>
        </test-method> <!-- setUp -->
        <test-method is-config="true" signature="setUpPages()[pri:0, instance:louisivanvirgo.CartPageTest@231f98ef]" started-at="2025-05-13T10:00:19 PST" name="setUpPages" finished-at="2025-05-13T10:00:19 PST" duration-ms="2" status="PASS">
          <reporter-output>
          </reporter-output>
        </test-method> <!-- setUpPages -->
        <test-method signature="testAddedProducIsDisplayedInCart()[pri:0, instance:louisivanvirgo.CartPageTest@231f98ef]" started-at="2025-05-13T10:00:19 PST" name="testAddedProducIsDisplayedInCart" finished-at="2025-05-13T10:00:19 PST" duration-ms="645" status="PASS">
          <reporter-output>
          </reporter-output>
        </test-method> <!-- testAddedProducIsDisplayedInCart -->
        <test-method is-config="true" signature="tearDown()[pri:0, instance:louisivanvirgo.CartPageTest@231f98ef]" started-at="2025-05-13T10:00:19 PST" name="tearDown" finished-at="2025-05-13T10:00:20 PST" duration-ms="232" status="PASS">
          <reporter-output>
          </reporter-output>
        </test-method> <!-- tearDown -->
        <test-method is-config="true" signature="setUp()[pri:0, instance:louisivanvirgo.CartPageTest@231f98ef]" started-at="2025-05-13T10:00:20 PST" name="setUp" finished-at="2025-05-13T10:00:23 PST" duration-ms="3202" status="PASS">
          <reporter-output>
          </reporter-output>
        </test-method> <!-- setUp -->
        <test-method is-config="true" signature="setUpPages()[pri:0, instance:louisivanvirgo.CartPageTest@231f98ef]" started-at="2025-05-13T10:00:23 PST" name="setUpPages" finished-at="2025-05-13T10:00:23 PST" duration-ms="1" status="PASS">
          <reporter-output>
          </reporter-output>
        </test-method> <!-- setUpPages -->
        <test-method signature="testCSButtonButtonRedirectsToInventory()[pri:0, instance:louisivanvirgo.CartPageTest@231f98ef]" started-at="2025-05-13T10:00:23 PST" name="testCSButtonButtonRedirectsToInventory" finished-at="2025-05-13T10:00:23 PST" duration-ms="430" status="PASS">
          <reporter-output>
          </reporter-output>
        </test-method> <!-- testCSButtonButtonRedirectsToInventory -->
        <test-method is-config="true" signature="tearDown()[pri:0, instance:louisivanvirgo.CartPageTest@231f98ef]" started-at="2025-05-13T10:00:23 PST" name="tearDown" finished-at="2025-05-13T10:00:23 PST" duration-ms="134" status="PASS">
          <reporter-output>
          </reporter-output>
        </test-method> <!-- tearDown -->
        <test-method is-config="true" signature="setUp()[pri:0, instance:louisivanvirgo.CartPageTest@231f98ef]" started-at="2025-05-13T10:00:23 PST" name="setUp" finished-at="2025-05-13T10:00:27 PST" duration-ms="3324" status="PASS">
          <reporter-output>
          </reporter-output>
        </test-method> <!-- setUp -->
        <test-method is-config="true" signature="setUpPages()[pri:0, instance:louisivanvirgo.CartPageTest@231f98ef]" started-at="2025-05-13T10:00:27 PST" name="setUpPages" finished-at="2025-05-13T10:00:27 PST" duration-ms="1" status="PASS">
          <reporter-output>
          </reporter-output>
        </test-method> <!-- setUpPages -->
        <test-method signature="testCartDetailsIsDisplayed()[pri:0, instance:louisivanvirgo.CartPageTest@231f98ef]" started-at="2025-05-13T10:00:27 PST" name="testCartDetailsIsDisplayed" finished-at="2025-05-13T10:00:27 PST" duration-ms="776" status="PASS">
          <reporter-output>
          </reporter-output>
        </test-method> <!-- testCartDetailsIsDisplayed -->
        <test-method is-config="true" signature="tearDown()[pri:0, instance:louisivanvirgo.CartPageTest@231f98ef]" started-at="2025-05-13T10:00:27 PST" name="tearDown" finished-at="2025-05-13T10:00:28 PST" duration-ms="113" status="PASS">
          <reporter-output>
          </reporter-output>
        </test-method> <!-- tearDown -->
        <test-method is-config="true" signature="setUp()[pri:0, instance:louisivanvirgo.CartPageTest@231f98ef]" started-at="2025-05-13T10:00:28 PST" name="setUp" finished-at="2025-05-13T10:00:31 PST" duration-ms="3013" status="PASS">
          <reporter-output>
          </reporter-output>
        </test-method> <!-- setUp -->
        <test-method is-config="true" signature="setUpPages()[pri:0, instance:louisivanvirgo.CartPageTest@231f98ef]" started-at="2025-05-13T10:00:31 PST" name="setUpPages" finished-at="2025-05-13T10:00:31 PST" duration-ms="1" status="PASS">
          <reporter-output>
          </reporter-output>
        </test-method> <!-- setUpPages -->
        <test-method signature="testIfCartPersistAfterRelogin()[pri:0, instance:louisivanvirgo.CartPageTest@231f98ef]" started-at="2025-05-13T10:00:31 PST" name="testIfCartPersistAfterRelogin" finished-at="2025-05-13T10:00:32 PST" duration-ms="1768" status="PASS">
          <reporter-output>
          </reporter-output>
        </test-method> <!-- testIfCartPersistAfterRelogin -->
        <test-method is-config="true" signature="tearDown()[pri:0, instance:louisivanvirgo.CartPageTest@231f98ef]" started-at="2025-05-13T10:00:32 PST" name="tearDown" finished-at="2025-05-13T10:00:32 PST" duration-ms="105" status="PASS">
          <reporter-output>
          </reporter-output>
        </test-method> <!-- tearDown -->
        <test-method is-config="true" signature="setUp()[pri:0, instance:louisivanvirgo.CartPageTest@231f98ef]" started-at="2025-05-13T10:00:32 PST" name="setUp" finished-at="2025-05-13T10:00:35 PST" duration-ms="2997" status="PASS">
          <reporter-output>
          </reporter-output>
        </test-method> <!-- setUp -->
        <test-method is-config="true" signature="setUpPages()[pri:0, instance:louisivanvirgo.CartPageTest@231f98ef]" started-at="2025-05-13T10:00:35 PST" name="setUpPages" finished-at="2025-05-13T10:00:35 PST" duration-ms="2" status="PASS">
          <reporter-output>
          </reporter-output>
        </test-method> <!-- setUpPages -->
        <test-method signature="testMultipleAddedProductDisplayedInCart()[pri:0, instance:louisivanvirgo.CartPageTest@231f98ef]" started-at="2025-05-13T10:00:35 PST" name="testMultipleAddedProductDisplayedInCart" finished-at="2025-05-13T10:00:36 PST" duration-ms="767" status="PASS">
          <reporter-output>
          </reporter-output>
        </test-method> <!-- testMultipleAddedProductDisplayedInCart -->
        <test-method is-config="true" signature="tearDown()[pri:0, instance:louisivanvirgo.CartPageTest@231f98ef]" started-at="2025-05-13T10:00:36 PST" name="tearDown" finished-at="2025-05-13T10:00:36 PST" duration-ms="112" status="PASS">
          <reporter-output>
          </reporter-output>
        </test-method> <!-- tearDown -->
        <test-method is-config="true" signature="setUp()[pri:0, instance:louisivanvirgo.CartPageTest@231f98ef]" started-at="2025-05-13T10:00:36 PST" name="setUp" finished-at="2025-05-13T10:00:40 PST" duration-ms="3141" status="PASS">
          <reporter-output>
          </reporter-output>
        </test-method> <!-- setUp -->
        <test-method is-config="true" signature="setUpPages()[pri:0, instance:louisivanvirgo.CartPageTest@231f98ef]" started-at="2025-05-13T10:00:40 PST" name="setUpPages" finished-at="2025-05-13T10:00:40 PST" duration-ms="1" status="PASS">
          <reporter-output>
          </reporter-output>
        </test-method> <!-- setUpPages -->
        <test-method signature="testProductDetailsInCart()[pri:0, instance:louisivanvirgo.CartPageTest@231f98ef]" started-at="2025-05-13T10:00:40 PST" name="testProductDetailsInCart" finished-at="2025-05-13T10:00:40 PST" duration-ms="705" status="PASS">
          <reporter-output>
          </reporter-output>
        </test-method> <!-- testProductDetailsInCart -->
        <test-method is-config="true" signature="tearDown()[pri:0, instance:louisivanvirgo.CartPageTest@231f98ef]" started-at="2025-05-13T10:00:40 PST" name="tearDown" finished-at="2025-05-13T10:00:40 PST" duration-ms="114" status="PASS">
          <reporter-output>
          </reporter-output>
        </test-method> <!-- tearDown -->
        <test-method is-config="true" signature="setUp()[pri:0, instance:louisivanvirgo.CartPageTest@231f98ef]" started-at="2025-05-13T10:00:40 PST" name="setUp" finished-at="2025-05-13T10:00:43 PST" duration-ms="2961" status="PASS">
          <reporter-output>
          </reporter-output>
        </test-method> <!-- setUp -->
        <test-method is-config="true" signature="setUpPages()[pri:0, instance:louisivanvirgo.CartPageTest@231f98ef]" started-at="2025-05-13T10:00:43 PST" name="setUpPages" finished-at="2025-05-13T10:00:43 PST" duration-ms="1" status="PASS">
          <reporter-output>
          </reporter-output>
        </test-method> <!-- setUpPages -->
        <test-method signature="testRemoveItemFromCart()[pri:0, instance:louisivanvirgo.CartPageTest@231f98ef]" started-at="2025-05-13T10:00:43 PST" name="testRemoveItemFromCart" finished-at="2025-05-13T10:00:44 PST" duration-ms="794" status="PASS">
          <reporter-output>
          </reporter-output>
        </test-method> <!-- testRemoveItemFromCart -->
        <test-method is-config="true" signature="tearDown()[pri:0, instance:louisivanvirgo.CartPageTest@231f98ef]" started-at="2025-05-13T10:00:44 PST" name="tearDown" finished-at="2025-05-13T10:00:44 PST" duration-ms="111" status="PASS">
          <reporter-output>
          </reporter-output>
        </test-method> <!-- tearDown -->
        <test-method is-config="true" signature="setUp()[pri:0, instance:louisivanvirgo.CartPageTest@231f98ef]" started-at="2025-05-13T10:00:44 PST" name="setUp" finished-at="2025-05-13T10:00:47 PST" duration-ms="2952" status="PASS">
          <reporter-output>
          </reporter-output>
        </test-method> <!-- setUp -->
        <test-method is-config="true" signature="setUpPages()[pri:0, instance:louisivanvirgo.CartPageTest@231f98ef]" started-at="2025-05-13T10:00:47 PST" name="setUpPages" finished-at="2025-05-13T10:00:47 PST" duration-ms="2" status="PASS">
          <reporter-output>
          </reporter-output>
        </test-method> <!-- setUpPages -->
        <test-method signature="testRemovveAllItemsFromCart()[pri:0, instance:louisivanvirgo.CartPageTest@231f98ef]" started-at="2025-05-13T10:00:47 PST" name="testRemovveAllItemsFromCart" finished-at="2025-05-13T10:00:59 PST" duration-ms="11378" status="PASS">
          <reporter-output>
          </reporter-output>
        </test-method> <!-- testRemovveAllItemsFromCart -->
        <test-method is-config="true" signature="tearDown()[pri:0, instance:louisivanvirgo.CartPageTest@231f98ef]" started-at="2025-05-13T10:00:59 PST" name="tearDown" finished-at="2025-05-13T10:00:59 PST" duration-ms="119" status="PASS">
          <reporter-output>
          </reporter-output>
        </test-method> <!-- tearDown -->
      </class> <!-- louisivanvirgo.CartPageTest -->
    </test> <!-- Default test -->
  </suite> <!-- Default suite -->
</testng-results>
